Building DAG of jobs...
Using shell: /usr/bin/bash
Provided cores: 4
Rules claiming more threads will be scaled down.
Job stats:
job                   count
------------------  -------
Expression_QC             1
H5ad_Human                1
H5ad_Mouse                1
Human_Downstream          1
Mouse_Downstream          1
all                       1
create_tissue_file        1
total                     7

Select jobs to execute...

[Mon Feb 19 16:02:11 2024]
rule create_tissue_file:
    input: test/sub/final/sub_human_counts.tsv.gz
    output: test/sub/final/tissue_positions_list.csv
    jobid: 26
    reason: Missing output files: test/sub/final/tissue_positions_list.csv
    wildcards: OUTDIR=test, sample=sub
    threads: 4
    resources: tmpdir=/tmp

[Mon Feb 19 16:02:25 2024]
Finished job 26.
1 of 7 steps (14%) done
Select jobs to execute...

[Mon Feb 19 16:02:25 2024]
rule H5ad_Mouse:
    input: test/sub/final/sub_mouse_counts.tsv.gz, test/sub/final/tissue_positions_list.csv
    output: test/sub/final/sub_mouse.h5ad
    jobid: 27
    reason: Missing output files: test/sub/final/sub_mouse.h5ad; Input files updated by another job: test/sub/final/tissue_positions_list.csv
    wildcards: OUTDIR=test, sample=sub
    threads: 4
    resources: tmpdir=/tmp

[Mon Feb 19 16:02:34 2024]
Finished job 27.
2 of 7 steps (29%) done
Select jobs to execute...

[Mon Feb 19 16:02:34 2024]
rule H5ad_Human:
    input: test/sub/final/sub_human_counts.tsv.gz, test/sub/final/tissue_positions_list.csv
    output: test/sub/final/sub_human.h5ad
    jobid: 25
    reason: Missing output files: test/sub/final/sub_human.h5ad; Input files updated by another job: test/sub/final/tissue_positions_list.csv
    wildcards: OUTDIR=test, sample=sub
    threads: 4
    resources: tmpdir=/tmp

[Mon Feb 19 16:02:43 2024]
Finished job 25.
3 of 7 steps (43%) done
Select jobs to execute...

[Mon Feb 19 16:02:43 2024]
rule Human_Downstream:
    input: test/sub/final/sub_human.h5ad
    output: test/sub/final/sub_human_processed.h5ad
    jobid: 28
    reason: Missing output files: test/sub/final/sub_human_processed.h5ad; Input files updated by another job: test/sub/final/sub_human.h5ad
    wildcards: OUTDIR=test, sample=sub
    resources: tmpdir=/tmp


[Mon Feb 19 16:02:43 2024]
rule Mouse_Downstream:
    input: test/sub/final/sub_mouse.h5ad
    output: test/sub/final/sub_mouse_processed.h5ad
    jobid: 29
    reason: Missing output files: test/sub/final/sub_mouse_processed.h5ad; Input files updated by another job: test/sub/final/sub_mouse.h5ad
    wildcards: OUTDIR=test, sample=sub
    resources: tmpdir=/tmp


[Mon Feb 19 16:02:43 2024]
rule Expression_QC:
    input: test/sub/final/sub_human.h5ad, test/sub/final/sub_mouse.h5ad
    output: test/sub/qc/human_qc.png
    jobid: 30
    reason: Missing output files: test/sub/qc/human_qc.png; Input files updated by another job: test/sub/final/sub_human.h5ad, test/sub/final/sub_mouse.h5ad
    wildcards: OUTDIR=test, sample=sub
    resources: tmpdir=/tmp

[Mon Feb 19 16:02:49 2024]
Finished job 30.
4 of 7 steps (57%) done
[Mon Feb 19 16:03:02 2024]
Finished job 29.
5 of 7 steps (71%) done
[Mon Feb 19 16:03:02 2024]
Finished job 28.
6 of 7 steps (86%) done
Select jobs to execute...

[Mon Feb 19 16:03:02 2024]
localrule all:
    input: test/sub/final/sub_human_counts.tsv.gz, test/sub/final/sub_mouse_counts.tsv.gz, test/sub/final/sub_human.hdf5, test/sub/final/sub_mouse.hdf5, test/sub/final/sub_human.h5ad, test/sub/final/sub_mouse.hdf5, test/sub/final/sub_mouse.h5ad, test/sub/final/sub_human_processed.h5ad, test/sub/final/sub_mouse_processed.h5ad, test/sub/qc/human_qc.png
    jobid: 0
    reason: Input files updated by another job: test/sub/final/sub_human.h5ad, test/sub/final/sub_mouse_processed.h5ad, test/sub/qc/human_qc.png, test/sub/final/sub_mouse.h5ad, test/sub/final/sub_human_processed.h5ad
    resources: tmpdir=/tmp

[Mon Feb 19 16:03:02 2024]
Finished job 0.
7 of 7 steps (100%) done
Complete log: .snakemake/log/2024-02-19T160211.094016.snakemake.log
